<?xml version="1.0" encoding="UTF-8"?>
<!-- Generated by org.testng.reporters.JUnitReportReporter -->
<testsuite skipped="0" hostname="LAPTOP-8OF1CJ1H" name="GetRequest.GetData" tests="3" failures="0" timestamp="24 Mar 2018 03:06:22 GMT" time="3.839" errors="0">
  <testcase name="testheader" time="0.141" classname="GetRequest.GetData"/>
  <testcase name="testResponseCode" time="3.473" classname="GetRequest.GetData"/>
  <testcase name="testbody" time="0.225" classname="GetRequest.GetData"/>
</testsuite> <!-- GetRequest.GetData -->
